  main.cpp
C:\Users\wiini\source\repos\tcc2\main.cpp(13,17): warning C4305: '初期化中': 'double' から 'float' へ切り詰めます。
C:\Users\wiini\source\repos\tcc2\main.cpp(21,44): warning C4244: '引数': 'double' から 'GLint' への変換です。データが失われる可能性があります。
C:\Users\wiini\source\repos\tcc2\main.cpp(21,38): warning C4244: '引数': 'double' から 'GLint' への変換です。データが失われる可能性があります。
C:\Users\wiini\source\repos\tcc2\main.cpp(104,58): warning C4244: '引数': 'double' から 'float' への変換です。データが失われる可能性があります。
C:\Users\wiini\source\repos\tcc2\main.cpp(104,39): warning C4244: '引数': 'double' から 'float' への変換です。データが失われる可能性があります。
C:\Users\wiini\source\repos\tcc2\main.cpp(105,64): warning C4244: '引数': 'double' から 'float' への変換です。データが失われる可能性があります。
C:\Users\wiini\source\repos\tcc2\main.cpp(105,45): warning C4244: '引数': 'double' から 'float' への変換です。データが失われる可能性があります。
C:\Users\wiini\source\repos\tcc2\main.cpp(106,58): warning C4244: '引数': 'double' から 'float' への変換です。データが失われる可能性があります。
C:\Users\wiini\source\repos\tcc2\main.cpp(106,39): warning C4244: '引数': 'double' から 'float' への変換です。データが失われる可能性があります。
C:\Users\wiini\source\repos\tcc2\main.cpp(107,64): warning C4244: '引数': 'double' から 'float' への変換です。データが失われる可能性があります。
C:\Users\wiini\source\repos\tcc2\main.cpp(107,45): warning C4244: '引数': 'double' から 'float' への変換です。データが失われる可能性があります。
C:\Users\wiini\source\repos\tcc2\main.cpp(108,58): warning C4244: '引数': 'double' から 'float' への変換です。データが失われる可能性があります。
C:\Users\wiini\source\repos\tcc2\main.cpp(108,39): warning C4244: '引数': 'double' から 'float' への変換です。データが失われる可能性があります。
C:\Users\wiini\source\repos\tcc2\main.cpp(109,62): warning C4244: '引数': 'double' から 'float' への変換です。データが失われる可能性があります。
C:\Users\wiini\source\repos\tcc2\main.cpp(109,44): warning C4244: '引数': 'double' から 'float' への変換です。データが失われる可能性があります。
C:\Users\wiini\source\repos\tcc2\main.cpp(110,58): warning C4244: '引数': 'double' から 'float' への変換です。データが失われる可能性があります。
C:\Users\wiini\source\repos\tcc2\main.cpp(110,39): warning C4244: '引数': 'double' から 'float' への変換です。データが失われる可能性があります。
C:\Users\wiini\source\repos\tcc2\main.cpp(115,70): warning C4244: '引数': 'double' から 'float' への変換です。データが失われる可能性があります。
C:\Users\wiini\source\repos\tcc2\main.cpp(115,45): warning C4244: '引数': 'double' から 'float' への変換です。データが失われる可能性があります。
C:\Users\wiini\source\repos\tcc2\main.cpp(116,76): warning C4244: '引数': 'double' から 'float' への変換です。データが失われる可能性があります。
C:\Users\wiini\source\repos\tcc2\main.cpp(116,51): warning C4244: '引数': 'double' から 'float' への変換です。データが失われる可能性があります。
C:\Users\wiini\source\repos\tcc2\main.cpp(117,70): warning C4244: '引数': 'double' から 'float' への変換です。データが失われる可能性があります。
C:\Users\wiini\source\repos\tcc2\main.cpp(117,45): warning C4244: '引数': 'double' から 'float' への変換です。データが失われる可能性があります。
C:\Users\wiini\source\repos\tcc2\main.cpp(118,76): warning C4244: '引数': 'double' から 'float' への変換です。データが失われる可能性があります。
C:\Users\wiini\source\repos\tcc2\main.cpp(118,51): warning C4244: '引数': 'double' から 'float' への変換です。データが失われる可能性があります。
C:\Users\wiini\source\repos\tcc2\main.cpp(119,70): warning C4244: '引数': 'double' から 'float' への変換です。データが失われる可能性があります。
C:\Users\wiini\source\repos\tcc2\main.cpp(119,45): warning C4244: '引数': 'double' から 'float' への変換です。データが失われる可能性があります。
C:\Users\wiini\source\repos\tcc2\main.cpp(120,76): warning C4244: '引数': 'double' から 'float' への変換です。データが失われる可能性があります。
C:\Users\wiini\source\repos\tcc2\main.cpp(120,51): warning C4244: '引数': 'double' から 'float' への変換です。データが失われる可能性があります。
C:\Users\wiini\source\repos\tcc2\main.cpp(121,64): warning C4244: '引数': 'double' から 'float' への変換です。データが失われる可能性があります。
C:\Users\wiini\source\repos\tcc2\main.cpp(126,67): warning C4244: '引数': 'double' から 'float' への変換です。データが失われる可能性があります。
C:\Users\wiini\source\repos\tcc2\main.cpp(126,48): warning C4244: '引数': 'double' から 'float' への変換です。データが失われる可能性があります。
C:\Users\wiini\source\repos\tcc2\main.cpp(127,72): warning C4244: '引数': 'double' から 'float' への変換です。データが失われる可能性があります。
C:\Users\wiini\source\repos\tcc2\main.cpp(127,54): warning C4244: '引数': 'double' から 'float' への変換です。データが失われる可能性があります。
C:\Users\wiini\source\repos\tcc2\main.cpp(128,68): warning C4244: '引数': 'double' から 'float' への変換です。データが失われる可能性があります。
C:\Users\wiini\source\repos\tcc2\main.cpp(128,49): warning C4244: '引数': 'double' から 'float' への変換です。データが失われる可能性があります。
C:\Users\wiini\source\repos\tcc2\main.cpp(129,74): warning C4244: '引数': 'double' から 'float' への変換です。データが失われる可能性があります。
C:\Users\wiini\source\repos\tcc2\main.cpp(129,55): warning C4244: '引数': 'double' から 'float' への変換です。データが失われる可能性があります。
C:\Users\wiini\source\repos\tcc2\main.cpp(130,68): warning C4244: '引数': 'double' から 'float' への変換です。データが失われる可能性があります。
C:\Users\wiini\source\repos\tcc2\main.cpp(130,49): warning C4244: '引数': 'double' から 'float' への変換です。データが失われる可能性があります。
C:\Users\wiini\source\repos\tcc2\main.cpp(131,74): warning C4244: '引数': 'double' から 'float' への変換です。データが失われる可能性があります。
C:\Users\wiini\source\repos\tcc2\main.cpp(131,55): warning C4244: '引数': 'double' から 'float' への変換です。データが失われる可能性があります。
C:\Users\wiini\source\repos\tcc2\main.cpp(133,39): warning C4244: '引数': 'double' から 'float' への変換です。データが失われる可能性があります。
C:\Users\wiini\source\repos\tcc2\main.cpp(132,49): warning C4244: '引数': 'double' から 'float' への変換です。データが失われる可能性があります。
C:\Users\wiini\source\repos\tcc2\main.cpp(138,68): warning C4244: '引数': 'double' から 'float' への変換です。データが失われる可能性があります。
C:\Users\wiini\source\repos\tcc2\main.cpp(138,45): warning C4244: '引数': 'double' から 'float' への変換です。データが失われる可能性があります。
C:\Users\wiini\source\repos\tcc2\main.cpp(139,74): warning C4244: '引数': 'double' から 'float' への変換です。データが失われる可能性があります。
C:\Users\wiini\source\repos\tcc2\main.cpp(139,51): warning C4244: '引数': 'double' から 'float' への変換です。データが失われる可能性があります。
C:\Users\wiini\source\repos\tcc2\main.cpp(140,68): warning C4244: '引数': 'double' から 'float' への変換です。データが失われる可能性があります。
C:\Users\wiini\source\repos\tcc2\main.cpp(140,45): warning C4244: '引数': 'double' から 'float' への変換です。データが失われる可能性があります。
C:\Users\wiini\source\repos\tcc2\main.cpp(141,74): warning C4244: '引数': 'double' から 'float' への変換です。データが失われる可能性があります。
C:\Users\wiini\source\repos\tcc2\main.cpp(141,51): warning C4244: '引数': 'double' から 'float' への変換です。データが失われる可能性があります。
C:\Users\wiini\source\repos\tcc2\main.cpp(142,68): warning C4244: '引数': 'double' から 'float' への変換です。データが失われる可能性があります。
C:\Users\wiini\source\repos\tcc2\main.cpp(142,45): warning C4244: '引数': 'double' から 'float' への変換です。データが失われる可能性があります。
C:\Users\wiini\source\repos\tcc2\main.cpp(143,74): warning C4244: '引数': 'double' から 'float' への変換です。データが失われる可能性があります。
C:\Users\wiini\source\repos\tcc2\main.cpp(143,51): warning C4244: '引数': 'double' から 'float' への変換です。データが失われる可能性があります。
C:\Users\wiini\source\repos\tcc2\main.cpp(144,68): warning C4244: '引数': 'double' から 'float' への変換です。データが失われる可能性があります。
C:\Users\wiini\source\repos\tcc2\main.cpp(144,45): warning C4244: '引数': 'double' から 'float' への変換です。データが失われる可能性があります。
C:\Users\wiini\source\repos\tcc2\main.cpp(176,28): warning C4305: '引数': 'double' から 'GLfloat' へ切り詰めます。
C:\Users\wiini\source\repos\tcc2\main.cpp(197,53): warning C4244: '引数': 'double' から 'float' への変換です。データが失われる可能性があります。
C:\Users\wiini\source\repos\tcc2\main.cpp(197,39): warning C4244: '引数': 'double' から 'float' への変換です。データが失われる可能性があります。
C:\Users\wiini\source\repos\tcc2\main.cpp(198,64): warning C4244: '引数': 'double' から 'float' への変換です。データが失われる可能性があります。
C:\Users\wiini\source\repos\tcc2\main.cpp(198,47): warning C4244: '引数': 'double' から 'float' への変換です。データが失われる可能性があります。
C:\Users\wiini\source\repos\tcc2\main.cpp(199,57): warning C4244: '引数': 'double' から 'float' への変換です。データが失われる可能性があります。
C:\Users\wiini\source\repos\tcc2\main.cpp(199,40): warning C4244: '引数': 'double' から 'float' への変換です。データが失われる可能性があります。
C:\Users\wiini\source\repos\tcc2\main.cpp(200,63): warning C4244: '引数': 'double' から 'float' への変換です。データが失われる可能性があります。
C:\Users\wiini\source\repos\tcc2\main.cpp(200,46): warning C4244: '引数': 'double' から 'float' への変換です。データが失われる可能性があります。
C:\Users\wiini\source\repos\tcc2\main.cpp(201,58): warning C4244: '引数': 'double' から 'float' への変換です。データが失われる可能性があります。
C:\Users\wiini\source\repos\tcc2\main.cpp(201,41): warning C4244: '引数': 'double' から 'float' への変換です。データが失われる可能性があります。
C:\Users\wiini\source\repos\tcc2\main.cpp(202,66): warning C4244: '引数': 'double' から 'float' への変換です。データが失われる可能性があります。
C:\Users\wiini\source\repos\tcc2\main.cpp(202,49): warning C4244: '引数': 'double' から 'float' への変換です。データが失われる可能性があります。
C:\Users\wiini\source\repos\tcc2\main.cpp(203,57): warning C4244: '引数': 'double' から 'float' への変換です。データが失われる可能性があります。
C:\Users\wiini\source\repos\tcc2\main.cpp(203,40): warning C4244: '引数': 'double' から 'float' への変換です。データが失われる可能性があります。
C:\Users\wiini\source\repos\tcc2\main.cpp(204,61): warning C4244: '引数': 'double' から 'float' への変換です。データが失われる可能性があります。
C:\Users\wiini\source\repos\tcc2\main.cpp(205,61): warning C4244: '引数': 'double' から 'float' への変換です。データが失われる可能性があります。
C:\Users\wiini\source\repos\tcc2\main.cpp(205,43): warning C4244: '引数': 'double' から 'float' への変換です。データが失われる可能性があります。
C:\Users\wiini\source\repos\tcc2\main.cpp(210,74): warning C4244: '引数': 'double' から 'float' への変換です。データが失われる可能性があります。
C:\Users\wiini\source\repos\tcc2\main.cpp(210,49): warning C4244: '引数': 'double' から 'float' への変換です。データが失われる可能性があります。
C:\Users\wiini\source\repos\tcc2\main.cpp(211,80): warning C4244: '引数': 'double' から 'float' への変換です。データが失われる可能性があります。
C:\Users\wiini\source\repos\tcc2\main.cpp(211,55): warning C4244: '引数': 'double' から 'float' への変換です。データが失われる可能性があります。
C:\Users\wiini\source\repos\tcc2\main.cpp(212,74): warning C4244: '引数': 'double' から 'float' への変換です。データが失われる可能性があります。
C:\Users\wiini\source\repos\tcc2\main.cpp(212,49): warning C4244: '引数': 'double' から 'float' への変換です。データが失われる可能性があります。
C:\Users\wiini\source\repos\tcc2\main.cpp(213,80): warning C4244: '引数': 'double' から 'float' への変換です。データが失われる可能性があります。
C:\Users\wiini\source\repos\tcc2\main.cpp(213,55): warning C4244: '引数': 'double' から 'float' への変換です。データが失われる可能性があります。
C:\Users\wiini\source\repos\tcc2\main.cpp(214,74): warning C4244: '引数': 'double' から 'float' への変換です。データが失われる可能性があります。
C:\Users\wiini\source\repos\tcc2\main.cpp(214,49): warning C4244: '引数': 'double' から 'float' への変換です。データが失われる可能性があります。
C:\Users\wiini\source\repos\tcc2\main.cpp(215,80): warning C4244: '引数': 'double' から 'float' への変換です。データが失われる可能性があります。
C:\Users\wiini\source\repos\tcc2\main.cpp(215,55): warning C4244: '引数': 'double' から 'float' への変換です。データが失われる可能性があります。
C:\Users\wiini\source\repos\tcc2\main.cpp(216,68): warning C4244: '引数': 'double' から 'float' への変換です。データが失われる可能性があります。
C:\Users\wiini\source\repos\tcc2\main.cpp(217,78): warning C4244: '引数': 'double' から 'float' への変換です。データが失われる可能性があります。
C:\Users\wiini\source\repos\tcc2\main.cpp(217,54): warning C4244: '引数': 'double' から 'float' への変換です。データが失われる可能性があります。
C:\Users\wiini\source\repos\tcc2\main.cpp(218,72): warning C4244: '引数': 'double' から 'float' への変換です。データが失われる可能性があります。
C:\Users\wiini\source\repos\tcc2\main.cpp(218,48): warning C4244: '引数': 'double' から 'float' への変換です。データが失われる可能性があります。
C:\Users\wiini\source\repos\tcc2\main.cpp(222,46): warning C4305: '引数': 'double' から 'GLfloat' へ切り詰めます。
C:\Users\wiini\source\repos\tcc2\main.cpp(223,78): warning C4244: '引数': 'double' から 'float' への変換です。データが失われる可能性があります。
C:\Users\wiini\source\repos\tcc2\main.cpp(223,53): warning C4244: '引数': 'double' から 'float' への変換です。データが失われる可能性があります。
C:\Users\wiini\source\repos\tcc2\main.cpp(224,78): warning C4244: '引数': 'double' から 'float' への変換です。データが失われる可能性があります。
C:\Users\wiini\source\repos\tcc2\main.cpp(225,78): warning C4244: '引数': 'double' から 'float' への変換です。データが失われる可能性があります。
C:\Users\wiini\source\repos\tcc2\main.cpp(225,53): warning C4244: '引数': 'double' から 'float' への変換です。データが失われる可能性があります。
C:\Users\wiini\source\repos\tcc2\main.cpp(226,84): warning C4244: '引数': 'double' から 'float' への変換です。データが失われる可能性があります。
C:\Users\wiini\source\repos\tcc2\main.cpp(226,59): warning C4244: '引数': 'double' から 'float' への変換です。データが失われる可能性があります。
C:\Users\wiini\source\repos\tcc2\main.cpp(227,78): warning C4244: '引数': 'double' から 'float' への変換です。データが失われる可能性があります。
C:\Users\wiini\source\repos\tcc2\main.cpp(227,53): warning C4244: '引数': 'double' から 'float' への変換です。データが失われる可能性があります。
C:\Users\wiini\source\repos\tcc2\main.cpp(228,84): warning C4244: '引数': 'double' から 'float' への変換です。データが失われる可能性があります。
C:\Users\wiini\source\repos\tcc2\main.cpp(228,59): warning C4244: '引数': 'double' から 'float' への変換です。データが失われる可能性があります。
C:\Users\wiini\source\repos\tcc2\main.cpp(229,78): warning C4244: '引数': 'double' から 'float' への変換です。データが失われる可能性があります。
C:\Users\wiini\source\repos\tcc2\main.cpp(229,53): warning C4244: '引数': 'double' から 'float' への変換です。データが失われる可能性があります。
C:\Users\wiini\source\repos\tcc2\main.cpp(230,84): warning C4244: '引数': 'double' から 'float' への変換です。データが失われる可能性があります。
C:\Users\wiini\source\repos\tcc2\main.cpp(230,59): warning C4244: '引数': 'double' から 'float' への変換です。データが失われる可能性があります。
C:\Users\wiini\source\repos\tcc2\main.cpp(231,78): warning C4244: '引数': 'double' から 'float' への変換です。データが失われる可能性があります。
C:\Users\wiini\source\repos\tcc2\main.cpp(231,53): warning C4244: '引数': 'double' から 'float' への変換です。データが失われる可能性があります。
C:\Users\wiini\source\repos\tcc2\main.cpp(235,48): warning C4305: '引数': 'double' から 'GLfloat' へ切り詰めます。
C:\Users\wiini\source\repos\tcc2\main.cpp(236,71): warning C4244: '引数': 'double' から 'float' への変換です。データが失われる可能性があります。
C:\Users\wiini\source\repos\tcc2\main.cpp(236,53): warning C4244: '引数': 'double' から 'float' への変換です。データが失われる可能性があります。
C:\Users\wiini\source\repos\tcc2\main.cpp(237,77): warning C4244: '引数': 'double' から 'float' への変換です。データが失われる可能性があります。
C:\Users\wiini\source\repos\tcc2\main.cpp(237,59): warning C4244: '引数': 'double' から 'float' への変換です。データが失われる可能性があります。
C:\Users\wiini\source\repos\tcc2\main.cpp(238,71): warning C4244: '引数': 'double' から 'float' への変換です。データが失われる可能性があります。
C:\Users\wiini\source\repos\tcc2\main.cpp(238,53): warning C4244: '引数': 'double' から 'float' への変換です。データが失われる可能性があります。
C:\Users\wiini\source\repos\tcc2\main.cpp(239,77): warning C4244: '引数': 'double' から 'float' への変換です。データが失われる可能性があります。
C:\Users\wiini\source\repos\tcc2\main.cpp(239,59): warning C4244: '引数': 'double' から 'float' への変換です。データが失われる可能性があります。
C:\Users\wiini\source\repos\tcc2\main.cpp(240,71): warning C4244: '引数': 'double' から 'float' への変換です。データが失われる可能性があります。
C:\Users\wiini\source\repos\tcc2\main.cpp(240,53): warning C4244: '引数': 'double' から 'float' への変換です。データが失われる可能性があります。
C:\Users\wiini\source\repos\tcc2\main.cpp(241,77): warning C4244: '引数': 'double' から 'float' への変換です。データが失われる可能性があります。
C:\Users\wiini\source\repos\tcc2\main.cpp(241,59): warning C4244: '引数': 'double' から 'float' への変換です。データが失われる可能性があります。
C:\Users\wiini\source\repos\tcc2\main.cpp(242,71): warning C4244: '引数': 'double' から 'float' への変換です。データが失われる可能性があります。
C:\Users\wiini\source\repos\tcc2\main.cpp(242,53): warning C4244: '引数': 'double' から 'float' への変換です。データが失われる可能性があります。
C:\Users\wiini\source\repos\tcc2\main.cpp(243,77): warning C4244: '引数': 'double' から 'float' への変換です。データが失われる可能性があります。
C:\Users\wiini\source\repos\tcc2\main.cpp(243,59): warning C4244: '引数': 'double' から 'float' への変換です。データが失われる可能性があります。
C:\Users\wiini\source\repos\tcc2\main.cpp(244,71): warning C4244: '引数': 'double' から 'float' への変換です。データが失われる可能性があります。
C:\Users\wiini\source\repos\tcc2\main.cpp(244,53): warning C4244: '引数': 'double' から 'float' への変換です。データが失われる可能性があります。
C:\Users\wiini\source\repos\tcc2\main.cpp(248,46): warning C4305: '引数': 'double' から 'GLfloat' へ切り詰めます。
C:\Users\wiini\source\repos\tcc2\main.cpp(249,78): warning C4244: '引数': 'double' から 'float' への変換です。データが失われる可能性があります。
C:\Users\wiini\source\repos\tcc2\main.cpp(249,53): warning C4244: '引数': 'double' から 'float' への変換です。データが失われる可能性があります。
C:\Users\wiini\source\repos\tcc2\main.cpp(250,78): warning C4244: '引数': 'double' から 'float' への変換です。データが失われる可能性があります。
C:\Users\wiini\source\repos\tcc2\main.cpp(251,78): warning C4244: '引数': 'double' から 'float' への変換です。データが失われる可能性があります。
C:\Users\wiini\source\repos\tcc2\main.cpp(251,53): warning C4244: '引数': 'double' から 'float' への変換です。データが失われる可能性があります。
C:\Users\wiini\source\repos\tcc2\main.cpp(252,84): warning C4244: '引数': 'double' から 'float' への変換です。データが失われる可能性があります。
C:\Users\wiini\source\repos\tcc2\main.cpp(252,59): warning C4244: '引数': 'double' から 'float' への変換です。データが失われる可能性があります。
C:\Users\wiini\source\repos\tcc2\main.cpp(253,78): warning C4244: '引数': 'double' から 'float' への変換です。データが失われる可能性があります。
C:\Users\wiini\source\repos\tcc2\main.cpp(253,53): warning C4244: '引数': 'double' から 'float' への変換です。データが失われる可能性があります。
C:\Users\wiini\source\repos\tcc2\main.cpp(254,84): warning C4244: '引数': 'double' から 'float' への変換です。データが失われる可能性があります。
C:\Users\wiini\source\repos\tcc2\main.cpp(254,59): warning C4244: '引数': 'double' から 'float' への変換です。データが失われる可能性があります。
C:\Users\wiini\source\repos\tcc2\main.cpp(255,78): warning C4244: '引数': 'double' から 'float' への変換です。データが失われる可能性があります。
C:\Users\wiini\source\repos\tcc2\main.cpp(255,53): warning C4244: '引数': 'double' から 'float' への変換です。データが失われる可能性があります。
C:\Users\wiini\source\repos\tcc2\main.cpp(256,84): warning C4244: '引数': 'double' から 'float' への変換です。データが失われる可能性があります。
C:\Users\wiini\source\repos\tcc2\main.cpp(256,59): warning C4244: '引数': 'double' から 'float' への変換です。データが失われる可能性があります。
C:\Users\wiini\source\repos\tcc2\main.cpp(257,78): warning C4244: '引数': 'double' から 'float' への変換です。データが失われる可能性があります。
C:\Users\wiini\source\repos\tcc2\main.cpp(257,53): warning C4244: '引数': 'double' から 'float' への変換です。データが失われる可能性があります。
C:\Users\wiini\source\repos\tcc2\main.cpp(261,48): warning C4305: '引数': 'double' から 'GLfloat' へ切り詰めます。
C:\Users\wiini\source\repos\tcc2\main.cpp(262,74): warning C4244: '引数': 'double' から 'float' への変換です。データが失われる可能性があります。
C:\Users\wiini\source\repos\tcc2\main.cpp(262,49): warning C4244: '引数': 'double' から 'float' への変換です。データが失われる可能性があります。
C:\Users\wiini\source\repos\tcc2\main.cpp(263,80): warning C4244: '引数': 'double' から 'float' への変換です。データが失われる可能性があります。
C:\Users\wiini\source\repos\tcc2\main.cpp(263,55): warning C4244: '引数': 'double' から 'float' への変換です。データが失われる可能性があります。
C:\Users\wiini\source\repos\tcc2\main.cpp(264,74): warning C4244: '引数': 'double' から 'float' への変換です。データが失われる可能性があります。
C:\Users\wiini\source\repos\tcc2\main.cpp(264,49): warning C4244: '引数': 'double' から 'float' への変換です。データが失われる可能性があります。
C:\Users\wiini\source\repos\tcc2\main.cpp(265,80): warning C4244: '引数': 'double' から 'float' への変換です。データが失われる可能性があります。
C:\Users\wiini\source\repos\tcc2\main.cpp(265,55): warning C4244: '引数': 'double' から 'float' への変換です。データが失われる可能性があります。
C:\Users\wiini\source\repos\tcc2\main.cpp(266,74): warning C4244: '引数': 'double' から 'float' への変換です。データが失われる可能性があります。
C:\Users\wiini\source\repos\tcc2\main.cpp(266,49): warning C4244: '引数': 'double' から 'float' への変換です。データが失われる可能性があります。
C:\Users\wiini\source\repos\tcc2\main.cpp(267,80): warning C4244: '引数': 'double' から 'float' への変換です。データが失われる可能性があります。
C:\Users\wiini\source\repos\tcc2\main.cpp(267,55): warning C4244: '引数': 'double' から 'float' への変換です。データが失われる可能性があります。
C:\Users\wiini\source\repos\tcc2\main.cpp(268,68): warning C4244: '引数': 'double' から 'float' への変換です。データが失われる可能性があります。
C:\Users\wiini\source\repos\tcc2\main.cpp(269,78): warning C4244: '引数': 'double' から 'float' への変換です。データが失われる可能性があります。
C:\Users\wiini\source\repos\tcc2\main.cpp(269,54): warning C4244: '引数': 'double' から 'float' への変換です。データが失われる可能性があります。
C:\Users\wiini\source\repos\tcc2\main.cpp(270,72): warning C4244: '引数': 'double' から 'float' への変換です。データが失われる可能性があります。
C:\Users\wiini\source\repos\tcc2\main.cpp(270,48): warning C4244: '引数': 'double' から 'float' への変換です。データが失われる可能性があります。
C:\Users\wiini\source\repos\tcc2\main.cpp(298,29): warning C4305: '引数': 'double' から 'float' へ切り詰めます。
C:\Users\wiini\source\repos\tcc2\main.cpp(299,29): warning C4305: '引数': 'double' から 'float' へ切り詰めます。
C:\Users\wiini\source\repos\tcc2\main.cpp(300,29): warning C4305: '引数': 'double' から 'float' へ切り詰めます。
C:\Users\wiini\source\repos\tcc2\main.cpp(324,27): warning C4305: '引数': 'double' から 'float' へ切り詰めます。
C:\Users\wiini\source\repos\tcc2\main.cpp(338,23): warning C4244: '=': 'double' から 'float' への変換です。データが失われる可能性があります。
C:\Users\wiini\source\repos\tcc2\main.cpp(340,23): warning C4244: '=': 'double' から 'float' への変換です。データが失われる可能性があります。
C:\Users\wiini\source\repos\tcc2\main.cpp(342,23): warning C4244: '=': 'double' から 'float' への変換です。データが失われる可能性があります。
C:\Users\wiini\source\repos\tcc2\main.cpp(344,23): warning C4244: '=': 'double' から 'float' への変換です。データが失われる可能性があります。
C:\Users\wiini\source\repos\tcc2\main.cpp(346,23): warning C4244: '=': 'double' から 'float' への変換です。データが失われる可能性があります。
C:\Users\wiini\source\repos\tcc2\main.cpp(348,23): warning C4244: '=': 'double' から 'float' への変換です。データが失われる可能性があります。
C:\Users\wiini\source\repos\tcc2\main.cpp(350,31): warning C4244: '=': 'double' から 'float' への変換です。データが失われる可能性があります。
C:\Users\wiini\source\repos\tcc2\main.cpp(352,31): warning C4244: '=': 'double' から 'float' への変換です。データが失われる可能性があります。
C:\Users\wiini\source\repos\tcc2\main.cpp(354,31): warning C4244: '=': 'double' から 'float' への変換です。データが失われる可能性があります。
C:\Users\wiini\source\repos\tcc2\main.cpp(356,31): warning C4244: '=': 'double' から 'float' への変換です。データが失われる可能性があります。
C:\Users\wiini\source\repos\tcc2\main.cpp(358,23): warning C4244: '=': 'double' から 'int' への変換です。データが失われる可能性があります。
  tcc2.vcxproj -> C:\Users\wiini\source\repos\tcc2\Debug\tcc2.exe
